<?xml version="1.0" encoding="UTF-8"?>
<!-- Generated by org.testng.reporters.JUnitReportReporter -->
<testsuite skipped="0" hostname="LAPTOP-NEBFM83G" name="com.techexpozed.testcases.Registration" tests="1" failures="0" timestamp="2020-05-28T12:21:33 NZST" time="1.316" errors="0">
  <testcase name="registrationpage" time="1.316" classname="com.techexpozed.testcases.Registration"/>
</testsuite> <!-- com.techexpozed.testcases.Registration -->
