<?xml version="1.0" encoding="UTF-8"?>
<!-- Generated by org.testng.reporters.JUnitReportReporter -->
<testsuite skipped="1" hostname="LAPTOP-NEBFM83G" name="paraameterisation.Fortechexpozed" tests="1" failures="0" timestamp="2020-04-29T21:35:21 NZST" time="0.000" errors="0">
  <testcase name="testData" time="0.000" classname="paraameterisation.Fortechexpozed">
    <skipped/>
  </testcase> <!-- testData -->
</testsuite> <!-- paraameterisation.Fortechexpozed -->
