<?xml version="1.0" encoding="UTF-8"?>
<!-- Generated by org.testng.reporters.JUnitReportReporter -->
<testsuite skipped="0" hostname="LAPTOP-NEBFM83G" name="com.techexpozed.testcases.loginclass" tests="1" failures="0" timestamp="2020-05-25T22:48:26 NZST" time="0.499" errors="0">
  <testcase name="login" time="0.499" classname="com.techexpozed.testcases.loginclass"/>
</testsuite> <!-- com.techexpozed.testcases.loginclass -->
