<?xml version="1.0" encoding="UTF-8"?>
<!-- Generated by org.testng.reporters.JUnitReportReporter -->
<testsuite skipped="0" hostname="LAPTOP-NEBFM83G" name="com.techexpozed.testcases.Validcases" tests="1" failures="0" timestamp="2020-05-28T12:21:33 NZST" time="76.421" errors="0">
  <testcase name="validcases" time="76.421" classname="com.techexpozed.testcases.Validcases"/>
</testsuite> <!-- com.techexpozed.testcases.Validcases -->
