<?xml version="1.0" encoding="UTF-8"?>
<!-- Generated by org.testng.reporters.JUnitReportReporter -->
<testsuite skipped="0" hostname="LAPTOP-NEBFM83G" name="paraameterisation.testpaamaetersation" tests="4" failures="0" timestamp="2020-04-29T21:32:11 NZST" time="0.009" errors="0">
  <testcase name="testData" time="0.006" classname="paraameterisation.testpaamaetersation"/>
  <testcase name="testData" time="0.001" classname="paraameterisation.testpaamaetersation"/>
  <testcase name="testData" time="0.001" classname="paraameterisation.testpaamaetersation"/>
  <testcase name="testData" time="0.001" classname="paraameterisation.testpaamaetersation"/>
</testsuite> <!-- paraameterisation.testpaamaetersation -->
