<?xml version="1.0" encoding="UTF-8"?>
<!-- Generated by org.testng.reporters.JUnitReportReporter -->
<testsuite skipped="0" hostname="LAPTOP-NEBFM83G" name="com.techexpozed.testcases.Techinterncontactpage" tests="5" failures="0" timestamp="2020-05-08T13:22:20 NZST" time="73.294" errors="0">
  <testcase name="Techinterncontact" time="14.603" classname="com.techexpozed.testcases.Techinterncontactpage"/>
  <testcase name="Techinterncontact" time="14.669" classname="com.techexpozed.testcases.Techinterncontactpage"/>
  <testcase name="Techinterncontact" time="14.700" classname="com.techexpozed.testcases.Techinterncontactpage"/>
  <testcase name="Techinterncontact" time="14.570" classname="com.techexpozed.testcases.Techinterncontactpage"/>
  <testcase name="Techinterncontact" time="14.752" classname="com.techexpozed.testcases.Techinterncontactpage"/>
</testsuite> <!-- com.techexpozed.testcases.Techinterncontactpage -->
