<?xml version="1.0" encoding="UTF-8"?>
<!-- Generated by org.testng.reporters.JUnitReportReporter -->
<testsuite skipped="0" hostname="LAPTOP-NEBFM83G" name="com.techexpozed.testcases.Validcases" tests="1" failures="0" timestamp="27 May 2020 09:59:28 GMT" time="75.885" errors="0">
  <testcase name="validcases" time="75.885" classname="com.techexpozed.testcases.Validcases"/>
</testsuite> <!-- com.techexpozed.testcases.Validcases -->
